Starting SellApplication on 刘海威 with PID 17316 (D:\MyCode\sell\target\classes started by liuhaiwei in D:\MyCode\sell)
No active profile set, falling back to default profiles: default
No MyBatis mapper was found in '[com.moon.sell]' package. Please check your configuration.
Multiple Spring Data modules found, entering strict repository configuration mode!
Bootstrapping Spring Data JPA repositories in DEFERRED mode.
Finished Spring Data repository scanning in 65ms. Found 5 JPA repository interfaces.
Multiple Spring Data modules found, entering strict repository configuration mode!
Bootstrapping Spring Data Redis repositories in DEFAULT mode.
Spring Data Redis - Could not safely identify store assignment for repository candidate interface com.moon.sell.repository.OrderDetailRepository. If you want this repository to be a Redis repository, consider annotating your entities with one of these annotations: org.springframework.data.redis.core.RedisHash (preferred), or consider extending one of the following types with your repository: org.springframework.data.keyvalue.repository.KeyValueRepository.
Spring Data Redis - Could not safely identify store assignment for repository candidate interface com.moon.sell.repository.OrderMasterRepository. If you want this repository to be a Redis repository, consider annotating your entities with one of these annotations: org.springframework.data.redis.core.RedisHash (preferred), or consider extending one of the following types with your repository: org.springframework.data.keyvalue.repository.KeyValueRepository.
Spring Data Redis - Could not safely identify store assignment for repository candidate interface com.moon.sell.repository.ProductCategoryRepository. If you want this repository to be a Redis repository, consider annotating your entities with one of these annotations: org.springframework.data.redis.core.RedisHash (preferred), or consider extending one of the following types with your repository: org.springframework.data.keyvalue.repository.KeyValueRepository.
Spring Data Redis - Could not safely identify store assignment for repository candidate interface com.moon.sell.repository.ProductInfoRepository. If you want this repository to be a Redis repository, consider annotating your entities with one of these annotations: org.springframework.data.redis.core.RedisHash (preferred), or consider extending one of the following types with your repository: org.springframework.data.keyvalue.repository.KeyValueRepository.
Spring Data Redis - Could not safely identify store assignment for repository candidate interface com.moon.sell.repository.SellerRepository. If you want this repository to be a Redis repository, consider annotating your entities with one of these annotations: org.springframework.data.redis.core.RedisHash (preferred), or consider extending one of the following types with your repository: org.springframework.data.keyvalue.repository.KeyValueRepository.
Finished Spring Data repository scanning in 9ms. Found 0 Redis repository interfaces.
Tomcat initialized with port(s): 8080 (http)
Initializing ProtocolHandler ["http-nio-8080"]
Starting service [Tomcat]
Starting Servlet engine: [Apache Tomcat/9.0.37]
Initializing Spring embedded WebApplicationContext
Root WebApplicationContext: initialization completed in 1213 ms
Initializing ExecutorService 'applicationTaskExecutor'
HikariPool-1 - Starting...
HikariPool-1 - Start completed.
HHH000204: Processing PersistenceUnitInfo [name: default]
HHH000412: Hibernate ORM core version 5.4.18.Final
HCANN000001: Hibernate Commons Annotations {5.1.0.Final}
HHH000400: Using dialect: org.hibernate.dialect.MySQL57Dialect
HHH000490: Using JtaPlatform implementation: [org.hibernate.engine.transaction.jta.platform.internal.NoJtaPlatform]
Initialized JPA EntityManagerFactory for persistence unit 'default'
spring.jpa.open-in-view is enabled by default. Therefore, database queries may be performed during view rendering. Explicitly configure spring.jpa.open-in-view to disable this warning
Starting ProtocolHandler ["http-nio-8080"]
Tomcat started on port(s): 8080 (http) with context path '/sell'
Triggering deferred initialization of Spring Data repositories…
Spring Data repositories initialized!
Started SellApplication in 9.847 seconds (JVM running for 12.186)
Initializing Spring DispatcherServlet 'dispatcherServlet'
Initializing Servlet 'dispatcherServlet'
Completed initialization in 4 ms
Starting SellApplication on 刘海威 with PID 16816 (D:\MyCode\sell\target\classes started by liuhaiwei in D:\MyCode\sell)
No active profile set, falling back to default profiles: default
No MyBatis mapper was found in '[com.moon.sell]' package. Please check your configuration.
Multiple Spring Data modules found, entering strict repository configuration mode!
Bootstrapping Spring Data JPA repositories in DEFERRED mode.
Finished Spring Data repository scanning in 77ms. Found 5 JPA repository interfaces.
Multiple Spring Data modules found, entering strict repository configuration mode!
Bootstrapping Spring Data Redis repositories in DEFAULT mode.
Spring Data Redis - Could not safely identify store assignment for repository candidate interface com.moon.sell.repository.OrderDetailRepository. If you want this repository to be a Redis repository, consider annotating your entities with one of these annotations: org.springframework.data.redis.core.RedisHash (preferred), or consider extending one of the following types with your repository: org.springframework.data.keyvalue.repository.KeyValueRepository.
Spring Data Redis - Could not safely identify store assignment for repository candidate interface com.moon.sell.repository.OrderMasterRepository. If you want this repository to be a Redis repository, consider annotating your entities with one of these annotations: org.springframework.data.redis.core.RedisHash (preferred), or consider extending one of the following types with your repository: org.springframework.data.keyvalue.repository.KeyValueRepository.
Spring Data Redis - Could not safely identify store assignment for repository candidate interface com.moon.sell.repository.ProductCategoryRepository. If you want this repository to be a Redis repository, consider annotating your entities with one of these annotations: org.springframework.data.redis.core.RedisHash (preferred), or consider extending one of the following types with your repository: org.springframework.data.keyvalue.repository.KeyValueRepository.
Spring Data Redis - Could not safely identify store assignment for repository candidate interface com.moon.sell.repository.ProductInfoRepository. If you want this repository to be a Redis repository, consider annotating your entities with one of these annotations: org.springframework.data.redis.core.RedisHash (preferred), or consider extending one of the following types with your repository: org.springframework.data.keyvalue.repository.KeyValueRepository.
Spring Data Redis - Could not safely identify store assignment for repository candidate interface com.moon.sell.repository.SellerRepository. If you want this repository to be a Redis repository, consider annotating your entities with one of these annotations: org.springframework.data.redis.core.RedisHash (preferred), or consider extending one of the following types with your repository: org.springframework.data.keyvalue.repository.KeyValueRepository.
Finished Spring Data repository scanning in 10ms. Found 0 Redis repository interfaces.
Tomcat initialized with port(s): 8080 (http)
Initializing ProtocolHandler ["http-nio-8080"]
Starting service [Tomcat]
Starting Servlet engine: [Apache Tomcat/9.0.37]
Initializing Spring embedded WebApplicationContext
Root WebApplicationContext: initialization completed in 1184 ms
Initializing ExecutorService 'applicationTaskExecutor'
HikariPool-1 - Starting...
HikariPool-1 - Start completed.
HHH000204: Processing PersistenceUnitInfo [name: default]
HHH000412: Hibernate ORM core version 5.4.18.Final
HCANN000001: Hibernate Commons Annotations {5.1.0.Final}
HHH000400: Using dialect: org.hibernate.dialect.MySQL57Dialect
HHH000490: Using JtaPlatform implementation: [org.hibernate.engine.transaction.jta.platform.internal.NoJtaPlatform]
Initialized JPA EntityManagerFactory for persistence unit 'default'
spring.jpa.open-in-view is enabled by default. Therefore, database queries may be performed during view rendering. Explicitly configure spring.jpa.open-in-view to disable this warning
Starting ProtocolHandler ["http-nio-8080"]
Tomcat started on port(s): 8080 (http) with context path '/sell'
Triggering deferred initialization of Spring Data repositories…
Spring Data repositories initialized!
Started SellApplication in 4.429 seconds (JVM running for 6.726)
Initializing Spring DispatcherServlet 'dispatcherServlet'
Initializing Servlet 'dispatcherServlet'
Completed initialization in 4 ms
Starting SellApplication on 刘海威 with PID 16440 (D:\MyCode\sell\target\classes started by liuhaiwei in D:\MyCode\sell)
No active profile set, falling back to default profiles: default
No MyBatis mapper was found in '[com.moon.sell]' package. Please check your configuration.
Multiple Spring Data modules found, entering strict repository configuration mode!
Bootstrapping Spring Data JPA repositories in DEFERRED mode.
Finished Spring Data repository scanning in 68ms. Found 5 JPA repository interfaces.
Multiple Spring Data modules found, entering strict repository configuration mode!
Bootstrapping Spring Data Redis repositories in DEFAULT mode.
Spring Data Redis - Could not safely identify store assignment for repository candidate interface com.moon.sell.repository.OrderDetailRepository. If you want this repository to be a Redis repository, consider annotating your entities with one of these annotations: org.springframework.data.redis.core.RedisHash (preferred), or consider extending one of the following types with your repository: org.springframework.data.keyvalue.repository.KeyValueRepository.
Spring Data Redis - Could not safely identify store assignment for repository candidate interface com.moon.sell.repository.OrderMasterRepository. If you want this repository to be a Redis repository, consider annotating your entities with one of these annotations: org.springframework.data.redis.core.RedisHash (preferred), or consider extending one of the following types with your repository: org.springframework.data.keyvalue.repository.KeyValueRepository.
Spring Data Redis - Could not safely identify store assignment for repository candidate interface com.moon.sell.repository.ProductCategoryRepository. If you want this repository to be a Redis repository, consider annotating your entities with one of these annotations: org.springframework.data.redis.core.RedisHash (preferred), or consider extending one of the following types with your repository: org.springframework.data.keyvalue.repository.KeyValueRepository.
Spring Data Redis - Could not safely identify store assignment for repository candidate interface com.moon.sell.repository.ProductInfoRepository. If you want this repository to be a Redis repository, consider annotating your entities with one of these annotations: org.springframework.data.redis.core.RedisHash (preferred), or consider extending one of the following types with your repository: org.springframework.data.keyvalue.repository.KeyValueRepository.
Spring Data Redis - Could not safely identify store assignment for repository candidate interface com.moon.sell.repository.SellerRepository. If you want this repository to be a Redis repository, consider annotating your entities with one of these annotations: org.springframework.data.redis.core.RedisHash (preferred), or consider extending one of the following types with your repository: org.springframework.data.keyvalue.repository.KeyValueRepository.
Finished Spring Data repository scanning in 12ms. Found 0 Redis repository interfaces.
Tomcat initialized with port(s): 8080 (http)
Initializing ProtocolHandler ["http-nio-8080"]
Starting service [Tomcat]
Starting Servlet engine: [Apache Tomcat/9.0.37]
Initializing Spring embedded WebApplicationContext
Root WebApplicationContext: initialization completed in 1136 ms
Initializing ExecutorService 'applicationTaskExecutor'
HikariPool-1 - Starting...
HikariPool-1 - Start completed.
HHH000204: Processing PersistenceUnitInfo [name: default]
HHH000412: Hibernate ORM core version 5.4.18.Final
HCANN000001: Hibernate Commons Annotations {5.1.0.Final}
HHH000400: Using dialect: org.hibernate.dialect.MySQL57Dialect
HHH000490: Using JtaPlatform implementation: [org.hibernate.engine.transaction.jta.platform.internal.NoJtaPlatform]
Initialized JPA EntityManagerFactory for persistence unit 'default'
spring.jpa.open-in-view is enabled by default. Therefore, database queries may be performed during view rendering. Explicitly configure spring.jpa.open-in-view to disable this warning
Starting ProtocolHandler ["http-nio-8080"]
Tomcat started on port(s): 8080 (http) with context path '/sell'
Triggering deferred initialization of Spring Data repositories…
Spring Data repositories initialized!
Started SellApplication in 4.38 seconds (JVM running for 6.616)
Initializing Spring DispatcherServlet 'dispatcherServlet'
Initializing Servlet 'dispatcherServlet'
Completed initialization in 7 ms
Starting SellApplication on 刘海威 with PID 10432 (D:\MyCode\sell\target\classes started by liuhaiwei in D:\MyCode\sell)
No active profile set, falling back to default profiles: default
No MyBatis mapper was found in '[com.moon.sell]' package. Please check your configuration.
Multiple Spring Data modules found, entering strict repository configuration mode!
Bootstrapping Spring Data JPA repositories in DEFERRED mode.
Finished Spring Data repository scanning in 71ms. Found 5 JPA repository interfaces.
Multiple Spring Data modules found, entering strict repository configuration mode!
Bootstrapping Spring Data Redis repositories in DEFAULT mode.
Spring Data Redis - Could not safely identify store assignment for repository candidate interface com.moon.sell.repository.OrderDetailRepository. If you want this repository to be a Redis repository, consider annotating your entities with one of these annotations: org.springframework.data.redis.core.RedisHash (preferred), or consider extending one of the following types with your repository: org.springframework.data.keyvalue.repository.KeyValueRepository.
Spring Data Redis - Could not safely identify store assignment for repository candidate interface com.moon.sell.repository.OrderMasterRepository. If you want this repository to be a Redis repository, consider annotating your entities with one of these annotations: org.springframework.data.redis.core.RedisHash (preferred), or consider extending one of the following types with your repository: org.springframework.data.keyvalue.repository.KeyValueRepository.
Spring Data Redis - Could not safely identify store assignment for repository candidate interface com.moon.sell.repository.ProductCategoryRepository. If you want this repository to be a Redis repository, consider annotating your entities with one of these annotations: org.springframework.data.redis.core.RedisHash (preferred), or consider extending one of the following types with your repository: org.springframework.data.keyvalue.repository.KeyValueRepository.
Spring Data Redis - Could not safely identify store assignment for repository candidate interface com.moon.sell.repository.ProductInfoRepository. If you want this repository to be a Redis repository, consider annotating your entities with one of these annotations: org.springframework.data.redis.core.RedisHash (preferred), or consider extending one of the following types with your repository: org.springframework.data.keyvalue.repository.KeyValueRepository.
Spring Data Redis - Could not safely identify store assignment for repository candidate interface com.moon.sell.repository.SellerRepository. If you want this repository to be a Redis repository, consider annotating your entities with one of these annotations: org.springframework.data.redis.core.RedisHash (preferred), or consider extending one of the following types with your repository: org.springframework.data.keyvalue.repository.KeyValueRepository.
Finished Spring Data repository scanning in 11ms. Found 0 Redis repository interfaces.
Tomcat initialized with port(s): 8080 (http)
Initializing ProtocolHandler ["http-nio-8080"]
Starting service [Tomcat]
Starting Servlet engine: [Apache Tomcat/9.0.37]
Initializing Spring embedded WebApplicationContext
Root WebApplicationContext: initialization completed in 1146 ms
Initializing ExecutorService 'applicationTaskExecutor'
HikariPool-1 - Starting...
HikariPool-1 - Start completed.
HHH000204: Processing PersistenceUnitInfo [name: default]
HHH000412: Hibernate ORM core version 5.4.18.Final
HCANN000001: Hibernate Commons Annotations {5.1.0.Final}
HHH000400: Using dialect: org.hibernate.dialect.MySQL57Dialect
HHH000490: Using JtaPlatform implementation: [org.hibernate.engine.transaction.jta.platform.internal.NoJtaPlatform]
Initialized JPA EntityManagerFactory for persistence unit 'default'
spring.jpa.open-in-view is enabled by default. Therefore, database queries may be performed during view rendering. Explicitly configure spring.jpa.open-in-view to disable this warning
Starting ProtocolHandler ["http-nio-8080"]
Tomcat started on port(s): 8080 (http) with context path '/sell'
Triggering deferred initialization of Spring Data repositories…
Spring Data repositories initialized!
Started SellApplication in 4.411 seconds (JVM running for 6.905)
Initializing Spring DispatcherServlet 'dispatcherServlet'
Initializing Servlet 'dispatcherServlet'
Completed initialization in 4 ms
Starting SellApplication on 刘海威 with PID 6012 (D:\MyCode\sell\target\classes started by liuhaiwei in D:\MyCode\sell)
No active profile set, falling back to default profiles: default
No MyBatis mapper was found in '[com.moon.sell]' package. Please check your configuration.
Multiple Spring Data modules found, entering strict repository configuration mode!
Bootstrapping Spring Data JPA repositories in DEFERRED mode.
Finished Spring Data repository scanning in 71ms. Found 5 JPA repository interfaces.
Multiple Spring Data modules found, entering strict repository configuration mode!
Bootstrapping Spring Data Redis repositories in DEFAULT mode.
Spring Data Redis - Could not safely identify store assignment for repository candidate interface com.moon.sell.repository.OrderDetailRepository. If you want this repository to be a Redis repository, consider annotating your entities with one of these annotations: org.springframework.data.redis.core.RedisHash (preferred), or consider extending one of the following types with your repository: org.springframework.data.keyvalue.repository.KeyValueRepository.
Spring Data Redis - Could not safely identify store assignment for repository candidate interface com.moon.sell.repository.OrderMasterRepository. If you want this repository to be a Redis repository, consider annotating your entities with one of these annotations: org.springframework.data.redis.core.RedisHash (preferred), or consider extending one of the following types with your repository: org.springframework.data.keyvalue.repository.KeyValueRepository.
Spring Data Redis - Could not safely identify store assignment for repository candidate interface com.moon.sell.repository.ProductCategoryRepository. If you want this repository to be a Redis repository, consider annotating your entities with one of these annotations: org.springframework.data.redis.core.RedisHash (preferred), or consider extending one of the following types with your repository: org.springframework.data.keyvalue.repository.KeyValueRepository.
Spring Data Redis - Could not safely identify store assignment for repository candidate interface com.moon.sell.repository.ProductInfoRepository. If you want this repository to be a Redis repository, consider annotating your entities with one of these annotations: org.springframework.data.redis.core.RedisHash (preferred), or consider extending one of the following types with your repository: org.springframework.data.keyvalue.repository.KeyValueRepository.
Spring Data Redis - Could not safely identify store assignment for repository candidate interface com.moon.sell.repository.SellerRepository. If you want this repository to be a Redis repository, consider annotating your entities with one of these annotations: org.springframework.data.redis.core.RedisHash (preferred), or consider extending one of the following types with your repository: org.springframework.data.keyvalue.repository.KeyValueRepository.
Finished Spring Data repository scanning in 9ms. Found 0 Redis repository interfaces.
Tomcat initialized with port(s): 8080 (http)
Initializing ProtocolHandler ["http-nio-8080"]
Starting service [Tomcat]
Starting Servlet engine: [Apache Tomcat/9.0.37]
Initializing Spring embedded WebApplicationContext
Root WebApplicationContext: initialization completed in 1139 ms
Initializing ExecutorService 'applicationTaskExecutor'
HikariPool-1 - Starting...
HikariPool-1 - Start completed.
HHH000204: Processing PersistenceUnitInfo [name: default]
HHH000412: Hibernate ORM core version 5.4.18.Final
HCANN000001: Hibernate Commons Annotations {5.1.0.Final}
HHH000400: Using dialect: org.hibernate.dialect.MySQL57Dialect
HHH000490: Using JtaPlatform implementation: [org.hibernate.engine.transaction.jta.platform.internal.NoJtaPlatform]
Initialized JPA EntityManagerFactory for persistence unit 'default'
spring.jpa.open-in-view is enabled by default. Therefore, database queries may be performed during view rendering. Explicitly configure spring.jpa.open-in-view to disable this warning
Starting ProtocolHandler ["http-nio-8080"]
Tomcat started on port(s): 8080 (http) with context path '/sell'
Triggering deferred initialization of Spring Data repositories…
Spring Data repositories initialized!
Started SellApplication in 4.537 seconds (JVM running for 6.812)
Starting SellApplication on 刘海威 with PID 16596 (D:\MyCode\sell\target\classes started by liuhaiwei in D:\MyCode\sell)
No active profile set, falling back to default profiles: default
No MyBatis mapper was found in '[com.moon.sell]' package. Please check your configuration.
Multiple Spring Data modules found, entering strict repository configuration mode!
Bootstrapping Spring Data JPA repositories in DEFERRED mode.
Finished Spring Data repository scanning in 96ms. Found 5 JPA repository interfaces.
Multiple Spring Data modules found, entering strict repository configuration mode!
Bootstrapping Spring Data Redis repositories in DEFAULT mode.
Spring Data Redis - Could not safely identify store assignment for repository candidate interface com.moon.sell.repository.OrderDetailRepository. If you want this repository to be a Redis repository, consider annotating your entities with one of these annotations: org.springframework.data.redis.core.RedisHash (preferred), or consider extending one of the following types with your repository: org.springframework.data.keyvalue.repository.KeyValueRepository.
Spring Data Redis - Could not safely identify store assignment for repository candidate interface com.moon.sell.repository.OrderMasterRepository. If you want this repository to be a Redis repository, consider annotating your entities with one of these annotations: org.springframework.data.redis.core.RedisHash (preferred), or consider extending one of the following types with your repository: org.springframework.data.keyvalue.repository.KeyValueRepository.
Spring Data Redis - Could not safely identify store assignment for repository candidate interface com.moon.sell.repository.ProductCategoryRepository. If you want this repository to be a Redis repository, consider annotating your entities with one of these annotations: org.springframework.data.redis.core.RedisHash (preferred), or consider extending one of the following types with your repository: org.springframework.data.keyvalue.repository.KeyValueRepository.
Spring Data Redis - Could not safely identify store assignment for repository candidate interface com.moon.sell.repository.ProductInfoRepository. If you want this repository to be a Redis repository, consider annotating your entities with one of these annotations: org.springframework.data.redis.core.RedisHash (preferred), or consider extending one of the following types with your repository: org.springframework.data.keyvalue.repository.KeyValueRepository.
Spring Data Redis - Could not safely identify store assignment for repository candidate interface com.moon.sell.repository.SellerRepository. If you want this repository to be a Redis repository, consider annotating your entities with one of these annotations: org.springframework.data.redis.core.RedisHash (preferred), or consider extending one of the following types with your repository: org.springframework.data.keyvalue.repository.KeyValueRepository.
Finished Spring Data repository scanning in 14ms. Found 0 Redis repository interfaces.
Tomcat initialized with port(s): 8080 (http)
Initializing ProtocolHandler ["http-nio-8080"]
Starting service [Tomcat]
Starting Servlet engine: [Apache Tomcat/9.0.37]
Initializing Spring embedded WebApplicationContext
Root WebApplicationContext: initialization completed in 1278 ms
Initializing ExecutorService 'applicationTaskExecutor'
HikariPool-1 - Starting...
HikariPool-1 - Start completed.
HHH000204: Processing PersistenceUnitInfo [name: default]
HHH000412: Hibernate ORM core version 5.4.18.Final
HCANN000001: Hibernate Commons Annotations {5.1.0.Final}
HHH000400: Using dialect: org.hibernate.dialect.MySQL57Dialect
HHH000490: Using JtaPlatform implementation: [org.hibernate.engine.transaction.jta.platform.internal.NoJtaPlatform]
Initialized JPA EntityManagerFactory for persistence unit 'default'
spring.jpa.open-in-view is enabled by default. Therefore, database queries may be performed during view rendering. Explicitly configure spring.jpa.open-in-view to disable this warning
Starting ProtocolHandler ["http-nio-8080"]
Tomcat started on port(s): 8080 (http) with context path '/sell'
Triggering deferred initialization of Spring Data repositories…
Spring Data repositories initialized!
Started SellApplication in 4.777 seconds (JVM running for 7.369)
Initializing Spring DispatcherServlet 'dispatcherServlet'
Initializing Servlet 'dispatcherServlet'
Completed initialization in 7 ms
Starting SellApplication on 刘海威 with PID 14204 (D:\MyCode\sell\target\classes started by liuhaiwei in D:\MyCode\sell)
No active profile set, falling back to default profiles: default
No MyBatis mapper was found in '[com.moon.sell]' package. Please check your configuration.
Multiple Spring Data modules found, entering strict repository configuration mode!
Bootstrapping Spring Data JPA repositories in DEFERRED mode.
Finished Spring Data repository scanning in 67ms. Found 5 JPA repository interfaces.
Multiple Spring Data modules found, entering strict repository configuration mode!
Bootstrapping Spring Data Redis repositories in DEFAULT mode.
Spring Data Redis - Could not safely identify store assignment for repository candidate interface com.moon.sell.repository.OrderDetailRepository. If you want this repository to be a Redis repository, consider annotating your entities with one of these annotations: org.springframework.data.redis.core.RedisHash (preferred), or consider extending one of the following types with your repository: org.springframework.data.keyvalue.repository.KeyValueRepository.
Spring Data Redis - Could not safely identify store assignment for repository candidate interface com.moon.sell.repository.OrderMasterRepository. If you want this repository to be a Redis repository, consider annotating your entities with one of these annotations: org.springframework.data.redis.core.RedisHash (preferred), or consider extending one of the following types with your repository: org.springframework.data.keyvalue.repository.KeyValueRepository.
Spring Data Redis - Could not safely identify store assignment for repository candidate interface com.moon.sell.repository.ProductCategoryRepository. If you want this repository to be a Redis repository, consider annotating your entities with one of these annotations: org.springframework.data.redis.core.RedisHash (preferred), or consider extending one of the following types with your repository: org.springframework.data.keyvalue.repository.KeyValueRepository.
Spring Data Redis - Could not safely identify store assignment for repository candidate interface com.moon.sell.repository.ProductInfoRepository. If you want this repository to be a Redis repository, consider annotating your entities with one of these annotations: org.springframework.data.redis.core.RedisHash (preferred), or consider extending one of the following types with your repository: org.springframework.data.keyvalue.repository.KeyValueRepository.
Spring Data Redis - Could not safely identify store assignment for repository candidate interface com.moon.sell.repository.SellerRepository. If you want this repository to be a Redis repository, consider annotating your entities with one of these annotations: org.springframework.data.redis.core.RedisHash (preferred), or consider extending one of the following types with your repository: org.springframework.data.keyvalue.repository.KeyValueRepository.
Finished Spring Data repository scanning in 11ms. Found 0 Redis repository interfaces.
Tomcat initialized with port(s): 8080 (http)
Initializing ProtocolHandler ["http-nio-8080"]
Starting service [Tomcat]
Starting Servlet engine: [Apache Tomcat/9.0.37]
Initializing Spring embedded WebApplicationContext
Root WebApplicationContext: initialization completed in 1137 ms
Initializing ExecutorService 'applicationTaskExecutor'
HikariPool-1 - Starting...
HikariPool-1 - Start completed.
HHH000204: Processing PersistenceUnitInfo [name: default]
HHH000412: Hibernate ORM core version 5.4.18.Final
HCANN000001: Hibernate Commons Annotations {5.1.0.Final}
HHH000400: Using dialect: org.hibernate.dialect.MySQL57Dialect
HHH000490: Using JtaPlatform implementation: [org.hibernate.engine.transaction.jta.platform.internal.NoJtaPlatform]
Initialized JPA EntityManagerFactory for persistence unit 'default'
spring.jpa.open-in-view is enabled by default. Therefore, database queries may be performed during view rendering. Explicitly configure spring.jpa.open-in-view to disable this warning
Starting ProtocolHandler ["http-nio-8080"]
Tomcat started on port(s): 8080 (http) with context path '/sell'
Triggering deferred initialization of Spring Data repositories…
Spring Data repositories initialized!
Started SellApplication in 5.273 seconds (JVM running for 7.617)
Initializing Spring DispatcherServlet 'dispatcherServlet'
Initializing Servlet 'dispatcherServlet'
Completed initialization in 8 ms
Starting SellApplication on 刘海威 with PID 18424 (D:\MyCode\sell\target\classes started by liuhaiwei in D:\MyCode\sell)
No active profile set, falling back to default profiles: default
No MyBatis mapper was found in '[com.moon.sell]' package. Please check your configuration.
Multiple Spring Data modules found, entering strict repository configuration mode!
Bootstrapping Spring Data JPA repositories in DEFERRED mode.
Finished Spring Data repository scanning in 93ms. Found 5 JPA repository interfaces.
Multiple Spring Data modules found, entering strict repository configuration mode!
Bootstrapping Spring Data Redis repositories in DEFAULT mode.
Spring Data Redis - Could not safely identify store assignment for repository candidate interface com.moon.sell.repository.OrderDetailRepository. If you want this repository to be a Redis repository, consider annotating your entities with one of these annotations: org.springframework.data.redis.core.RedisHash (preferred), or consider extending one of the following types with your repository: org.springframework.data.keyvalue.repository.KeyValueRepository.
Spring Data Redis - Could not safely identify store assignment for repository candidate interface com.moon.sell.repository.OrderMasterRepository. If you want this repository to be a Redis repository, consider annotating your entities with one of these annotations: org.springframework.data.redis.core.RedisHash (preferred), or consider extending one of the following types with your repository: org.springframework.data.keyvalue.repository.KeyValueRepository.
Spring Data Redis - Could not safely identify store assignment for repository candidate interface com.moon.sell.repository.ProductCategoryRepository. If you want this repository to be a Redis repository, consider annotating your entities with one of these annotations: org.springframework.data.redis.core.RedisHash (preferred), or consider extending one of the following types with your repository: org.springframework.data.keyvalue.repository.KeyValueRepository.
Spring Data Redis - Could not safely identify store assignment for repository candidate interface com.moon.sell.repository.ProductInfoRepository. If you want this repository to be a Redis repository, consider annotating your entities with one of these annotations: org.springframework.data.redis.core.RedisHash (preferred), or consider extending one of the following types with your repository: org.springframework.data.keyvalue.repository.KeyValueRepository.
Spring Data Redis - Could not safely identify store assignment for repository candidate interface com.moon.sell.repository.SellerRepository. If you want this repository to be a Redis repository, consider annotating your entities with one of these annotations: org.springframework.data.redis.core.RedisHash (preferred), or consider extending one of the following types with your repository: org.springframework.data.keyvalue.repository.KeyValueRepository.
Finished Spring Data repository scanning in 12ms. Found 0 Redis repository interfaces.
Tomcat initialized with port(s): 8080 (http)
Initializing ProtocolHandler ["http-nio-8080"]
Starting service [Tomcat]
Starting Servlet engine: [Apache Tomcat/9.0.37]
Initializing Spring embedded WebApplicationContext
Root WebApplicationContext: initialization completed in 1238 ms
Initializing ExecutorService 'applicationTaskExecutor'
HikariPool-1 - Starting...
HikariPool-1 - Start completed.
HHH000204: Processing PersistenceUnitInfo [name: default]
HHH000412: Hibernate ORM core version 5.4.18.Final
HCANN000001: Hibernate Commons Annotations {5.1.0.Final}
HHH000400: Using dialect: org.hibernate.dialect.MySQL57Dialect
HHH000490: Using JtaPlatform implementation: [org.hibernate.engine.transaction.jta.platform.internal.NoJtaPlatform]
Initialized JPA EntityManagerFactory for persistence unit 'default'
spring.jpa.open-in-view is enabled by default. Therefore, database queries may be performed during view rendering. Explicitly configure spring.jpa.open-in-view to disable this warning
Starting ProtocolHandler ["http-nio-8080"]
Tomcat started on port(s): 8080 (http) with context path '/sell'
Triggering deferred initialization of Spring Data repositories…
Spring Data repositories initialized!
Started SellApplication in 4.523 seconds (JVM running for 6.951)
Initializing Spring DispatcherServlet 'dispatcherServlet'
Initializing Servlet 'dispatcherServlet'
Completed initialization in 6 ms
Starting SellApplication on 刘海威 with PID 16124 (D:\MyCode\sell\target\classes started by liuhaiwei in D:\MyCode\sell)
No active profile set, falling back to default profiles: default
No MyBatis mapper was found in '[com.moon.sell]' package. Please check your configuration.
Multiple Spring Data modules found, entering strict repository configuration mode!
Bootstrapping Spring Data JPA repositories in DEFERRED mode.
Finished Spring Data repository scanning in 76ms. Found 5 JPA repository interfaces.
Multiple Spring Data modules found, entering strict repository configuration mode!
Bootstrapping Spring Data Redis repositories in DEFAULT mode.
Spring Data Redis - Could not safely identify store assignment for repository candidate interface com.moon.sell.repository.OrderDetailRepository. If you want this repository to be a Redis repository, consider annotating your entities with one of these annotations: org.springframework.data.redis.core.RedisHash (preferred), or consider extending one of the following types with your repository: org.springframework.data.keyvalue.repository.KeyValueRepository.
Spring Data Redis - Could not safely identify store assignment for repository candidate interface com.moon.sell.repository.OrderMasterRepository. If you want this repository to be a Redis repository, consider annotating your entities with one of these annotations: org.springframework.data.redis.core.RedisHash (preferred), or consider extending one of the following types with your repository: org.springframework.data.keyvalue.repository.KeyValueRepository.
Spring Data Redis - Could not safely identify store assignment for repository candidate interface com.moon.sell.repository.ProductCategoryRepository. If you want this repository to be a Redis repository, consider annotating your entities with one of these annotations: org.springframework.data.redis.core.RedisHash (preferred), or consider extending one of the following types with your repository: org.springframework.data.keyvalue.repository.KeyValueRepository.
Spring Data Redis - Could not safely identify store assignment for repository candidate interface com.moon.sell.repository.ProductInfoRepository. If you want this repository to be a Redis repository, consider annotating your entities with one of these annotations: org.springframework.data.redis.core.RedisHash (preferred), or consider extending one of the following types with your repository: org.springframework.data.keyvalue.repository.KeyValueRepository.
Spring Data Redis - Could not safely identify store assignment for repository candidate interface com.moon.sell.repository.SellerRepository. If you want this repository to be a Redis repository, consider annotating your entities with one of these annotations: org.springframework.data.redis.core.RedisHash (preferred), or consider extending one of the following types with your repository: org.springframework.data.keyvalue.repository.KeyValueRepository.
Finished Spring Data repository scanning in 10ms. Found 0 Redis repository interfaces.
Tomcat initialized with port(s): 8080 (http)
Initializing ProtocolHandler ["http-nio-8080"]
Starting service [Tomcat]
Starting Servlet engine: [Apache Tomcat/9.0.37]
Initializing Spring embedded WebApplicationContext
Root WebApplicationContext: initialization completed in 1216 ms
Initializing ExecutorService 'applicationTaskExecutor'
HikariPool-1 - Starting...
HikariPool-1 - Start completed.
HHH000204: Processing PersistenceUnitInfo [name: default]
HHH000412: Hibernate ORM core version 5.4.18.Final
HCANN000001: Hibernate Commons Annotations {5.1.0.Final}
HHH000400: Using dialect: org.hibernate.dialect.MySQL57Dialect
HHH000490: Using JtaPlatform implementation: [org.hibernate.engine.transaction.jta.platform.internal.NoJtaPlatform]
Initialized JPA EntityManagerFactory for persistence unit 'default'
spring.jpa.open-in-view is enabled by default. Therefore, database queries may be performed during view rendering. Explicitly configure spring.jpa.open-in-view to disable this warning
Starting ProtocolHandler ["http-nio-8080"]
Tomcat started on port(s): 8080 (http) with context path '/sell'
Triggering deferred initialization of Spring Data repositories…
Spring Data repositories initialized!
Started SellApplication in 4.624 seconds (JVM running for 6.94)
